[LOG] System::create                           : Header version = 2.01.07. Current version = 2.01.07.
[LOG] Manager::init                            : maxchannels = 256 studioflags = 00000006 flags 00000000 extradriverdata 0000000000000000.
[LOG] SystemI::init                            : Initialize version=20107 (113487), maxchannels=256, flags=0x00020000
[LOG] SystemI::setOutputInternal               : Setting output to 'FMOD WASAPI Output'
[LOG] OutputWASAPI::init                       : Mix Format (WAVEFORMATEX): wFormatTag=0xFFFE, nChannels=2, nSamplesPerSec=48000, nAvgBytesPerSec=384000, nBlockAlign=8, wBitsPerSample=32, cbSize=22.
[LOG] OutputWASAPI::init                       : Mix Format (WAVEFORMATEXTENSIBLE): wValidBitsPerSample=32, dwChannelMask=0x00000003, SubFormat=00000003-0000-0010-8000-00AA00389B71.
[LOG] OutputWASAPI::init                       : Output buffer size: 4096 samples, latency: 0.00ms, period: 10.00ms, DSP buffer: 1024 * 4
[LOG] Thread::initThread                       : Init FMOD stream thread. Affinity: 0x8000000000000003, Priority: 0xFFFF7FFB, Stack Size: 98304, Semaphore: No, Sleep Time: 10, Looping: Yes.
[LOG] Thread::initThread                       : Init FMOD mixer thread. Affinity: 0x8000000000000001, Priority: 0xFFFF7FFA, Stack Size: 81920, Semaphore: No, Sleep Time: 0, Looping: Yes.
[LOG] AsyncManager::init                       : manager 0000014179AB72B8 isAsync 0 updatePeriod 0.02
[LOG] AsyncManager::init                       : done
[LOG] PlaybackSystem::init                     : 
[LOG] Thread::initThread                       : Init FMOD Studio sample load thread. Affinity: 0x8000000000000003, Priority: 0xFFFF7FFD, Stack Size: 98304, Semaphore: No, Sleep Time: 1, Looping: No.
[LOG] PlaybackSystem::init                     : done
[LOG] Thread::initThread                       : Init FMOD Studio bank load thread. Affinity: 0x8000000000000003, Priority: 0xFFFF7FFD, Stack Size: 98304, Semaphore: No, Sleep Time: 1, Looping: No.
[LOG] Manager::init                            : done.
[LOG] SoundI::release                          :  (000001417943E258)
[LOG] SoundI::release                          :     Ambient01 (0000014127900088)
[LOG] SoundI::release                          :  (00000141279D5B68)
[LOG] SoundI::release                          :     Ambient02 (00000141279010C8)
[LOG] SoundI::release                          :  (00000141279D5438)
[LOG] SoundI::release                          :     Ambient03 (0000014127901268)
[LOG] SoundI::release                          :  (00000141279D5888)
[LOG] SoundI::release                          :     Ambient04 (0000014127900708)
[LOG] SoundI::release                          :  (00000141279D55A8)
[LOG] SoundI::release                          :     Ambient05 (00000141279003C8)
[LOG] SoundI::release                          :  (00000141526E5BF8)
[LOG] SoundI::release                          :     Ambient06 (0000014127900A48)
[LOG] SoundI::release                          :  (00000141279D52C8)
[LOG] SoundI::release                          :     Ambient07 (0000014127900568)
[LOG] SoundI::release                          :  (000001417943E6A8)
[LOG] SoundI::release                          :     Ambient08 (00000140C8130658)
[LOG] SoundI::release                          :  (00000141526E5638)
[LOG] SoundI::release                          :     Ambient09 (0000014127901A88)
[LOG] SoundI::release                          :  (00000141279D4E78)
[LOG] SoundI::release                          :     Ambient10 (0000014127901408)
[LOG] SoundI::release                          :  (00000141279D4FE8)
[LOG] SoundI::release                          :     Ambient11 (00000141279018E8)
[LOG] SoundI::release                          :  (00000141279D5158)
[LOG] SoundI::release                          :     Ambient12 (0000014127901C28)
[LOG] SoundI::release                          :  (00000141279D59F8)
[LOG] SoundI::release                          :     Ambient13 (0000014127901DC8)
[LOG] SoundI::release                          :  (000001417943E3C8)
[LOG] SoundI::release                          :     Ambient14 (00000141279008A8)
[LOG] SoundI::release                          :  (00000141279D5718)
[LOG] SoundI::release                          :     Ambient15 (0000014127900BE8)
[LOG] Thread::callback                         : FMOD Studio update thread finished.
[LOG] Thread::callback                         : FMOD Studio bank load thread finished.
[LOG] Profile::disconnectAll                   : Profiler disconnecting all clients
[LOG] Thread::callback                         : FMOD Studio sample load thread finished.
[LOG] LiveUpdate::release                      : 
[LOG] LiveUpdate::reset                        : Reset connection (reason Disconnected)
[LOG] Thread::callback                         : FMOD stream thread finished.
[LOG] Thread::callback                         : FMOD mixer thread finished.
[LOG] Profile::disconnectAll                   : Profiler disconnecting all clients
[LOG] SystemI::close                           : Closed.
